<?xml version="1.0" encoding="UTF-8"?>
<!-- Generated by org.testng.reporters.JUnitReportReporter -->
<testsuite hostname="Ivan_Mechnikov" failures="0" tests="1" name="DocInBoxTest.DocInBoxDuplicateTest" time="0.238" errors="0" timestamp="2019-08-22T13:31:16 MSK" skipped="0">
  <testcase classname="DocInBoxTest.DocInBoxDuplicateTest" name="checkDuplicateDocumentRequest" time="0.238"/>
</testsuite> <!-- DocInBoxTest.DocInBoxDuplicateTest -->
