<?xml version="1.0" encoding="UTF-8"?>
<!-- Generated by org.testng.reporters.JUnitReportReporter -->
<testsuite hostname="Ivan_Mechnikov" failures="0" tests="2" name="DocInBoxTest.DocInBoxInvalidParametrsTest" time="0.394" errors="0" timestamp="2019-08-22T13:31:16 MSK" skipped="0">
  <testcase classname="DocInBoxTest.DocInBoxInvalidParametrsTest" name="checkIncorrectSystemInfo" time="0.209"/>
  <testcase classname="DocInBoxTest.DocInBoxInvalidParametrsTest" name="checkIncorrectBuyerInnRequest" time="0.185"/>
</testsuite> <!-- DocInBoxTest.DocInBoxInvalidParametrsTest -->
