<?xml version="1.0" encoding="UTF-8"?>
<!-- Generated by org.testng.reporters.JUnitReportReporter -->
<testsuite hostname="Ivan_Mechnikov" failures="0" tests="3" name="DocInBoxTest.DocInBoxDateTest" time="0.603" errors="0" timestamp="2019-08-22T13:31:16 MSK" skipped="0">
  <testcase classname="DocInBoxTest.DocInBoxDateTest" name="checkFutureDateRequest" time="0.214"/>
  <testcase classname="DocInBoxTest.DocInBoxDateTest" name="checkConnection" time="0.193"/>
  <testcase classname="DocInBoxTest.DocInBoxDateTest" name="checkPastDateRequest" time="0.196"/>
</testsuite> <!-- DocInBoxTest.DocInBoxDateTest -->
