<?xml version="1.0" encoding="UTF-8"?>
<!-- Generated by org.testng.reporters.JUnitReportReporter -->
<testsuite hostname="Ivan_Mechnikov" failures="0" tests="3" name="DocInBoxTest.DocInBoxDateTest" time="0.997" errors="0" timestamp="2019-08-22T10:11:03 MSK" skipped="0">
  <testcase classname="DocInBoxTest.DocInBoxDateTest" name="checkFutureDateRequest" time="0.209"/>
  <testcase classname="DocInBoxTest.DocInBoxDateTest" name="checkPastDateRequest" time="0.199"/>
  <testcase classname="DocInBoxTest.DocInBoxDateTest" name="checkConnection" time="0.589"/>
</testsuite> <!-- DocInBoxTest.DocInBoxDateTest -->
